[2025-10-23 23:22:59] INFO    - Starting Tor connection test
[2025-10-23 23:22:59] INFO    - Connecting to check.torproject.org via socks5h://localhost:9050
[2025-10-23 23:22:59] ERROR   - curl_easy_perform() failed: Couldn't connect to server
[2025-10-23 23:22:59] INFO    - Tor connection test completed
[2025-10-23 23:30:52] INFO    - Starting Tor crawler session
[2025-10-23 23:30:52] INFO    - Searching [hacking forums] on engine [Ahmia]
[2025-10-23 23:30:52] ERROR   - CURL failed for [Ahmia | hacking forums]: proxy handshake error
[2025-10-23 23:30:52] INFO    - Searching [bitcoin mixer] on engine [Ahmia]
[2025-10-23 23:30:52] ERROR   - CURL failed for [Ahmia | bitcoin mixer]: proxy handshake error
[2025-10-23 23:30:52] INFO    - Searching [darknet markets] on engine [Ahmia]
[2025-10-23 23:30:52] ERROR   - CURL failed for [Ahmia | darknet markets]: proxy handshake error
[2025-10-23 23:30:52] INFO    - Searching [privacy tools] on engine [Ahmia]
[2025-10-23 23:30:52] ERROR   - CURL failed for [Ahmia | privacy tools]: proxy handshake error
[2025-10-23 23:30:52] INFO    - Searching [hacking forums] on engine [Torch]
[2025-10-23 23:30:52] ERROR   - CURL failed for [Torch | hacking forums]: proxy handshake error
[2025-10-23 23:30:52] INFO    - Searching [bitcoin mixer] on engine [Torch]
[2025-10-23 23:30:52] ERROR   - CURL failed for [Torch | bitcoin mixer]: proxy handshake error
[2025-10-23 23:30:52] INFO    - Searching [darknet markets] on engine [Torch]
[2025-10-23 23:30:52] ERROR   - CURL failed for [Torch | darknet markets]: proxy handshake error
[2025-10-23 23:30:52] INFO    - Searching [privacy tools] on engine [Torch]
[2025-10-23 23:30:52] ERROR   - CURL failed for [Torch | privacy tools]: proxy handshake error
[2025-10-23 23:30:52] INFO    - Crawling completed
[2025-10-23 23:30:52] INFO    - Crawler finished execution
[2025-10-23 23:50:45] INFO    - Starting Tor crawler session
[2025-10-23 23:50:45] INFO    - Starting Tor crawler session
[2025-10-23 23:50:45] INFO    - Searching [hacking forums] on engine [€?ÌÎ|]
[2025-10-23 23:51:10] ERROR   - Attempt 1 failed for [€?ÌÎ| | hacking forums]: Timeout was reached
